message
bash: cannot set terminal process group (-1): Inappropriate ioctl for device
bash: no job control in this shell
[2021-04-07 02:16:13 +0000] [22] [INFO] Starting gunicorn 19.9.0
[2021-04-07 02:16:13 +0000] [22] [INFO] Listening at: unix:/tmp/gunicorn.sock (22)
[2021-04-07 02:16:13 +0000] [22] [INFO] Using worker: gevent
[2021-04-07 02:16:14 +0000] [29] [INFO] Booting worker with pid: 29
[2021-04-07 02:16:14 +0000] [30] [INFO] Booting worker with pid: 30
[2021-04-07 02:16:14 +0000] [31] [INFO] Booting worker with pid: 31
[2021-04-07 02:16:14 +0000] [35] [INFO] Booting worker with pid: 35
Processing /opt/ml/code
Collecting pandas (from -r requirements.txt (line 1))
  Downloading https://files.pythonhosted.org/packages/74/24/0cdbf8907e1e3bc5a8da03345c23cbed7044330bb8f73bb12e711a640a00/pandas-0.24.2-cp35-cp35m-manylinux1_x86_64.whl (10.0MB)
"Collecting numpy (from -r requirements.txt (line 2))
  Downloading https://files.pythonhosted.org/packages/b5/36/88723426b4ff576809fec7d73594fe17a35c27f8d01f93637637a29ae25b/numpy-1.18.5-cp35-cp35m-manylinux1_x86_64.whl (19.9MB)"
"Collecting nltk (from -r requirements.txt (line 3))
  Downloading https://files.pythonhosted.org/packages/92/75/ce35194d8e3022203cca0d2f896dbb88689f9b3fce8e9f9cff942913519d/nltk-3.5.zip (1.4MB)"
Processing /opt/ml/code
Collecting pandas (from -r requirements.txt (line 1))
"Collecting beautifulsoup4 (from -r requirements.txt (line 4))
  Downloading https://files.pythonhosted.org/packages/d1/41/e6495bd7d3781cee623ce23ea6ac73282a373088fcd0ddc809a047b18eae/beautifulsoup4-4.9.3-py3-none-any.whl (115kB)"
"Collecting html5lib (from -r requirements.txt (line 5))
  Downloading https://files.pythonhosted.org/packages/6c/dd/a834df6482147d48e225a49515aabc28974ad5a4ca3215c18a882565b028/html5lib-1.1-py2.py3-none-any.whl (112kB)"
"Requirement already satisfied, skipping upgrade: python-dateutil>=2.5.0 in /usr/local/lib/python3.5/dist-packages (from pandas->-r requirements.txt (line 1)) (2.7.5)"
"Collecting pytz>=2011k (from pandas->-r requirements.txt (line 1))
  Using cached https://files.pythonhosted.org/packages/74/24/0cdbf8907e1e3bc5a8da03345c23cbed7044330bb8f73bb12e711a640a00/pandas-0.24.2-cp35-cp35m-manylinux1_x86_64.whl
  Downloading https://files.pythonhosted.org/packages/70/94/784178ca5dd892a98f113cdd923372024dc04b8d40abe77ca76b5fb90ca6/pytz-2021.1-py2.py3-none-any.whl (510kB)"
"Requirement already satisfied, skipping upgrade: click in /usr/local/lib/python3.5/dist-packages (from nltk->-r requirements.txt (line 3)) (7.0)"
"Collecting joblib (from nltk->-r requirements.txt (line 3))
  Downloading https://files.pythonhosted.org/packages/28/5c/cf6a2b65a321c4a209efcdf64c2689efae2cb62661f8f6f4bb28547cf1bf/joblib-0.14.1-py2.py3-none-any.whl (294kB)"
Collecting regex (from nltk->-r requirements.txt (line 3))
"Collecting numpy (from -r requirements.txt (line 2))
  Downloading https://files.pythonhosted.org/packages/38/3f/4c42a98c9ad7d08c16e7d23b2194a0e4f3b2914662da8bc88986e4e6de1f/regex-2021.4.4.tar.gz (693kB)"
"Collecting tqdm (from nltk->-r requirements.txt (line 3))
  Using cached https://files.pythonhosted.org/packages/b5/36/88723426b4ff576809fec7d73594fe17a35c27f8d01f93637637a29ae25b/numpy-1.18.5-cp35-cp35m-manylinux1_x86_64.whl"
  Downloading https://files.pythonhosted.org/packages/72/8a/34efae5cf9924328a8f34eeb2fdaae14c011462d9f0e3fcded48e1266d1c/tqdm-4.60.0-py2.py3-none-any.whl (75kB)
"Collecting soupsieve>1.2; python_version >= ""3.0"" (from beautifulsoup4->-r requirements.txt (line 4))
  Downloading https://files.pythonhosted.org/packages/02/fb/1c65691a9aeb7bd6ac2aa505b84cb8b49ac29c976411c6ab3659425e045f/soupsieve-2.1-py3-none-any.whl"
"Collecting webencodings (from html5lib->-r requirements.txt (line 5))
  Downloading https://files.pythonhosted.org/packages/f4/24/2a3e3df732393fed8b3ebf2ec078f05546de641fe1b667ee316ec1dcf3b7/webencodings-0.5.1-py2.py3-none-any.whl"
"Requirement already satisfied, skipping upgrade: six>=1.9 in /usr/local/lib/python3.5/dist-packages (from html5lib->-r requirements.txt (line 5)) (1.11.0)"
"Building wheels for collected packages: nltk, train, regex
  Running setup.py bdist_wheel for nltk: started"
"Collecting nltk (from -r requirements.txt (line 3))
  Using cached https://files.pythonhosted.org/packages/92/75/ce35194d8e3022203cca0d2f896dbb88689f9b3fce8e9f9cff942913519d/nltk-3.5.zip"
"  Running setup.py bdist_wheel for nltk: finished with status 'done'
  Stored in directory: /root/.cache/pip/wheels/ae/8c/3f/b1fe0ba04555b08b57ab52ab7f86023639a526d8bc8d384306"
"Collecting beautifulsoup4 (from -r requirements.txt (line 4))
  Using cached https://files.pythonhosted.org/packages/d1/41/e6495bd7d3781cee623ce23ea6ac73282a373088fcd0ddc809a047b18eae/beautifulsoup4-4.9.3-py3-none-any.whl"
"Collecting html5lib (from -r requirements.txt (line 5))
  Using cached https://files.pythonhosted.org/packages/6c/dd/a834df6482147d48e225a49515aabc28974ad5a4ca3215c18a882565b028/html5lib-1.1-py2.py3-none-any.whl
  Running setup.py bdist_wheel for train: started"
"Collecting pytz>=2011k (from pandas->-r requirements.txt (line 1))
  Using cached https://files.pythonhosted.org/packages/70/94/784178ca5dd892a98f113cdd923372024dc04b8d40abe77ca76b5fb90ca6/pytz-2021.1-py2.py3-none-any.whl"
"Requirement already satisfied, skipping upgrade: python-dateutil>=2.5.0 in /usr/local/lib/python3.5/dist-packages (from pandas->-r requirements.txt (line 1)) (2.7.5)"
"Requirement already satisfied, skipping upgrade: click in /usr/local/lib/python3.5/dist-packages (from nltk->-r requirements.txt (line 3)) (7.0)"
"Collecting joblib (from nltk->-r requirements.txt (line 3))
  Running setup.py bdist_wheel for train: finished with status 'done'
  Stored in directory: /tmp/pip-ephem-wheel-cache-aw9s196d/wheels/35/24/16/37574d11bf9bde50616c67372a334f94fa8356bc7164af8ca3
  Running setup.py bdist_wheel for regex: started
  Using cached https://files.pythonhosted.org/packages/28/5c/cf6a2b65a321c4a209efcdf64c2689efae2cb62661f8f6f4bb28547cf1bf/joblib-0.14.1-py2.py3-none-any.whl"
Collecting regex (from nltk->-r requirements.txt (line 3))
  Using cached https://files.pythonhosted.org/packages/38/3f/4c42a98c9ad7d08c16e7d23b2194a0e4f3b2914662da8bc88986e4e6de1f/regex-2021.4.4.tar.gz
Collecting tqdm (from nltk->-r requirements.txt (line 3))
Processing /opt/ml/code
  Using cached https://files.pythonhosted.org/packages/72/8a/34efae5cf9924328a8f34eeb2fdaae14c011462d9f0e3fcded48e1266d1c/tqdm-4.60.0-py2.py3-none-any.whl
"Collecting soupsieve>1.2; python_version >= ""3.0"" (from beautifulsoup4->-r requirements.txt (line 4))
  Using cached https://files.pythonhosted.org/packages/02/fb/1c65691a9aeb7bd6ac2aa505b84cb8b49ac29c976411c6ab3659425e045f/soupsieve-2.1-py3-none-any.whl"
"Collecting webencodings (from html5lib->-r requirements.txt (line 5))
  Using cached https://files.pythonhosted.org/packages/f4/24/2a3e3df732393fed8b3ebf2ec078f05546de641fe1b667ee316ec1dcf3b7/webencodings-0.5.1-py2.py3-none-any.whl"
"Requirement already satisfied, skipping upgrade: six>=1.9 in /usr/local/lib/python3.5/dist-packages (from html5lib->-r requirements.txt (line 5)) (1.11.0)"
"Building wheels for collected packages: nltk, train, regex
  Running setup.py bdist_wheel for nltk: started"
"Collecting pandas (from -r requirements.txt (line 1))
  Using cached https://files.pythonhosted.org/packages/74/24/0cdbf8907e1e3bc5a8da03345c23cbed7044330bb8f73bb12e711a640a00/pandas-0.24.2-cp35-cp35m-manylinux1_x86_64.whl"
"  Running setup.py bdist_wheel for nltk: finished with status 'done'
  Stored in directory: /root/.cache/pip/wheels/ae/8c/3f/b1fe0ba04555b08b57ab52ab7f86023639a526d8bc8d384306
  Running setup.py bdist_wheel for train: started"
"Collecting numpy (from -r requirements.txt (line 2))
  Running setup.py bdist_wheel for train: finished with status 'done'
  Stored in directory: /tmp/pip-ephem-wheel-cache-12zskdp_/wheels/35/24/16/37574d11bf9bde50616c67372a334f94fa8356bc7164af8ca3
  Running setup.py bdist_wheel for regex: started
  Using cached https://files.pythonhosted.org/packages/b5/36/88723426b4ff576809fec7d73594fe17a35c27f8d01f93637637a29ae25b/numpy-1.18.5-cp35-cp35m-manylinux1_x86_64.whl"
Collecting nltk (from -r requirements.txt (line 3))
"Collecting beautifulsoup4 (from -r requirements.txt (line 4))
  Using cached https://files.pythonhosted.org/packages/d1/41/e6495bd7d3781cee623ce23ea6ac73282a373088fcd0ddc809a047b18eae/beautifulsoup4-4.9.3-py3-none-any.whl"
"Collecting html5lib (from -r requirements.txt (line 5))
  Using cached https://files.pythonhosted.org/packages/6c/dd/a834df6482147d48e225a49515aabc28974ad5a4ca3215c18a882565b028/html5lib-1.1-py2.py3-none-any.whl"
"Collecting pytz>=2011k (from pandas->-r requirements.txt (line 1))
  Using cached https://files.pythonhosted.org/packages/70/94/784178ca5dd892a98f113cdd923372024dc04b8d40abe77ca76b5fb90ca6/pytz-2021.1-py2.py3-none-any.whl"
"Requirement already satisfied, skipping upgrade: python-dateutil>=2.5.0 in /usr/local/lib/python3.5/dist-packages (from pandas->-r requirements.txt (line 1)) (2.7.5)"
"Collecting tqdm (from nltk->-r requirements.txt (line 3))
  Using cached https://files.pythonhosted.org/packages/72/8a/34efae5cf9924328a8f34eeb2fdaae14c011462d9f0e3fcded48e1266d1c/tqdm-4.60.0-py2.py3-none-any.whl"
"Requirement already satisfied, skipping upgrade: click in /usr/local/lib/python3.5/dist-packages (from nltk->-r requirements.txt (line 3)) (7.0)"
"Collecting joblib (from nltk->-r requirements.txt (line 3))
  Using cached https://files.pythonhosted.org/packages/28/5c/cf6a2b65a321c4a209efcdf64c2689efae2cb62661f8f6f4bb28547cf1bf/joblib-0.14.1-py2.py3-none-any.whl"
Processing /opt/ml/code
Collecting regex (from nltk->-r requirements.txt (line 3))
Collecting pandas (from -r requirements.txt (line 1))
"  Using cached https://files.pythonhosted.org/packages/38/3f/4c42a98c9ad7d08c16e7d23b2194a0e4f3b2914662da8bc88986e4e6de1f/regex-2021.4.4.tar.gz
  Using cached https://files.pythonhosted.org/packages/74/24/0cdbf8907e1e3bc5a8da03345c23cbed7044330bb8f73bb12e711a640a00/pandas-0.24.2-cp35-cp35m-manylinux1_x86_64.whl"
"Collecting soupsieve>1.2; python_version >= ""3.0"" (from beautifulsoup4->-r requirements.txt (line 4))
  Using cached https://files.pythonhosted.org/packages/02/fb/1c65691a9aeb7bd6ac2aa505b84cb8b49ac29c976411c6ab3659425e045f/soupsieve-2.1-py3-none-any.whl"
"Requirement already satisfied, skipping upgrade: six>=1.9 in /usr/local/lib/python3.5/dist-packages (from html5lib->-r requirements.txt (line 5)) (1.11.0)"
"Collecting webencodings (from html5lib->-r requirements.txt (line 5))
  Using cached https://files.pythonhosted.org/packages/f4/24/2a3e3df732393fed8b3ebf2ec078f05546de641fe1b667ee316ec1dcf3b7/webencodings-0.5.1-py2.py3-none-any.whl"
"Building wheels for collected packages: train, regex
  Running setup.py bdist_wheel for train: started"
"  Running setup.py bdist_wheel for train: finished with status 'done'
  Stored in directory: /tmp/pip-ephem-wheel-cache-jk0g8tw7/wheels/35/24/16/37574d11bf9bde50616c67372a334f94fa8356bc7164af8ca3
  Running setup.py bdist_wheel for regex: started"
Collecting numpy (from -r requirements.txt (line 2))
  Using cached https://files.pythonhosted.org/packages/b5/36/88723426b4ff576809fec7d73594fe17a35c27f8d01f93637637a29ae25b/numpy-1.18.5-cp35-cp35m-manylinux1_x86_64.whl
Collecting nltk (from -r requirements.txt (line 3))
Processing /opt/ml/code
"Collecting beautifulsoup4 (from -r requirements.txt (line 4))
  Using cached https://files.pythonhosted.org/packages/d1/41/e6495bd7d3781cee623ce23ea6ac73282a373088fcd0ddc809a047b18eae/beautifulsoup4-4.9.3-py3-none-any.whl"
"Collecting html5lib (from -r requirements.txt (line 5))
  Using cached https://files.pythonhosted.org/packages/6c/dd/a834df6482147d48e225a49515aabc28974ad5a4ca3215c18a882565b028/html5lib-1.1-py2.py3-none-any.whl"
Collecting pytz>=2011k (from pandas->-r requirements.txt (line 1))
  Using cached https://files.pythonhosted.org/packages/70/94/784178ca5dd892a98f113cdd923372024dc04b8d40abe77ca76b5fb90ca6/pytz-2021.1-py2.py3-none-any.whl
"Requirement already satisfied, skipping upgrade: python-dateutil>=2.5.0 in /usr/local/lib/python3.5/dist-packages (from pandas->-r requirements.txt (line 1)) (2.7.5)"
Collecting tqdm (from nltk->-r requirements.txt (line 3))
"Collecting pandas (from -r requirements.txt (line 1))
  Using cached https://files.pythonhosted.org/packages/72/8a/34efae5cf9924328a8f34eeb2fdaae14c011462d9f0e3fcded48e1266d1c/tqdm-4.60.0-py2.py3-none-any.whl"
Collecting regex (from nltk->-r requirements.txt (line 3))
  Using cached https://files.pythonhosted.org/packages/74/24/0cdbf8907e1e3bc5a8da03345c23cbed7044330bb8f73bb12e711a640a00/pandas-0.24.2-cp35-cp35m-manylinux1_x86_64.whl
  Using cached https://files.pythonhosted.org/packages/38/3f/4c42a98c9ad7d08c16e7d23b2194a0e4f3b2914662da8bc88986e4e6de1f/regex-2021.4.4.tar.gz
Collecting numpy (from -r requirements.txt (line 2))
"Requirement already satisfied, skipping upgrade: click in /usr/local/lib/python3.5/dist-packages (from nltk->-r requirements.txt (line 3)) (7.0)"
"Collecting joblib (from nltk->-r requirements.txt (line 3))
  Running setup.py bdist_wheel for regex: finished with status 'done'
  Stored in directory: /root/.cache/pip/wheels/c9/05/a8/b85fa0bd7850b99f9b4f106972975f2e3c46412e12f9949b58"
Successfully built nltk train regex
"Processing /opt/ml/code
  Using cached https://files.pythonhosted.org/packages/28/5c/cf6a2b65a321c4a209efcdf64c2689efae2cb62661f8f6f4bb28547cf1bf/joblib-0.14.1-py2.py3-none-any.whl"
"Collecting soupsieve>1.2; python_version >= ""3.0"" (from beautifulsoup4->-r requirements.txt (line 4))
  Using cached https://files.pythonhosted.org/packages/02/fb/1c65691a9aeb7bd6ac2aa505b84cb8b49ac29c976411c6ab3659425e045f/soupsieve-2.1-py3-none-any.whl"
"Collecting webencodings (from html5lib->-r requirements.txt (line 5))
  Using cached https://files.pythonhosted.org/packages/f4/24/2a3e3df732393fed8b3ebf2ec078f05546de641fe1b667ee316ec1dcf3b7/webencodings-0.5.1-py2.py3-none-any.whl"
"Installing collected packages: numpy, pytz, pandas, joblib, regex, tqdm, nltk, soupsieve, beautifulsoup4, webencodings, html5lib, train
  Found existing installation: numpy 1.15.4"
"Requirement already satisfied, skipping upgrade: six>=1.9 in /usr/local/lib/python3.5/dist-packages (from html5lib->-r requirements.txt (line 5)) (1.11.0)"
"Building wheels for collected packages: train, regex
  Running setup.py bdist_wheel for train: started
  Using cached https://files.pythonhosted.org/packages/b5/36/88723426b4ff576809fec7d73594fe17a35c27f8d01f93637637a29ae25b/numpy-1.18.5-cp35-cp35m-manylinux1_x86_64.whl"
Collecting pandas (from -r requirements.txt (line 1))
"    Uninstalling numpy-1.15.4:
  Running setup.py bdist_wheel for train: finished with status 'done'
  Stored in directory: /tmp/pip-ephem-wheel-cache-ubs0xtbl/wheels/35/24/16/37574d11bf9bde50616c67372a334f94fa8356bc7164af8ca3
  Running setup.py bdist_wheel for regex: started"
  Using cached https://files.pythonhosted.org/packages/74/24/0cdbf8907e1e3bc5a8da03345c23cbed7044330bb8f73bb12e711a640a00/pandas-0.24.2-cp35-cp35m-manylinux1_x86_64.whl
"Collecting nltk (from -r requirements.txt (line 3))
      Successfully uninstalled numpy-1.15.4"
Collecting beautifulsoup4 (from -r requirements.txt (line 4))
  Using cached https://files.pythonhosted.org/packages/d1/41/e6495bd7d3781cee623ce23ea6ac73282a373088fcd0ddc809a047b18eae/beautifulsoup4-4.9.3-py3-none-any.whl
"Collecting html5lib (from -r requirements.txt (line 5))
  Using cached https://files.pythonhosted.org/packages/6c/dd/a834df6482147d48e225a49515aabc28974ad5a4ca3215c18a882565b028/html5lib-1.1-py2.py3-none-any.whl"
"Requirement already satisfied, skipping upgrade: python-dateutil>=2.5.0 in /usr/local/lib/python3.5/dist-packages (from pandas->-r requirements.txt (line 1)) (2.7.5)"
"Collecting pytz>=2011k (from pandas->-r requirements.txt (line 1))
  Using cached https://files.pythonhosted.org/packages/70/94/784178ca5dd892a98f113cdd923372024dc04b8d40abe77ca76b5fb90ca6/pytz-2021.1-py2.py3-none-any.whl"
Collecting tqdm (from nltk->-r requirements.txt (line 3))
"Collecting numpy (from -r requirements.txt (line 2))
  Using cached https://files.pythonhosted.org/packages/72/8a/34efae5cf9924328a8f34eeb2fdaae14c011462d9f0e3fcded48e1266d1c/tqdm-4.60.0-py2.py3-none-any.whl"
"Collecting joblib (from nltk->-r requirements.txt (line 3))
  Using cached https://files.pythonhosted.org/packages/28/5c/cf6a2b65a321c4a209efcdf64c2689efae2cb62661f8f6f4bb28547cf1bf/joblib-0.14.1-py2.py3-none-any.whl"
Collecting regex (from nltk->-r requirements.txt (line 3))
"Processing /opt/ml/code
  Using cached https://files.pythonhosted.org/packages/b5/36/88723426b4ff576809fec7d73594fe17a35c27f8d01f93637637a29ae25b/numpy-1.18.5-cp35-cp35m-manylinux1_x86_64.whl"
Collecting pandas (from -r requirements.txt (line 1))
"Requirement already satisfied, skipping upgrade: click in /usr/local/lib/python3.5/dist-packages (from nltk->-r requirements.txt (line 3)) (7.0)"
"Collecting soupsieve>1.2; python_version >= ""3.0"" (from beautifulsoup4->-r requirements.txt (line 4))
  Using cached https://files.pythonhosted.org/packages/02/fb/1c65691a9aeb7bd6ac2aa505b84cb8b49ac29c976411c6ab3659425e045f/soupsieve-2.1-py3-none-any.whl"
"Collecting webencodings (from html5lib->-r requirements.txt (line 5))
  Using cached https://files.pythonhosted.org/packages/f4/24/2a3e3df732393fed8b3ebf2ec078f05546de641fe1b667ee316ec1dcf3b7/webencodings-0.5.1-py2.py3-none-any.whl"
"Requirement already satisfied, skipping upgrade: six>=1.9 in /usr/local/lib/python3.5/dist-packages (from html5lib->-r requirements.txt (line 5)) (1.11.0)"
"Building wheels for collected packages: train
  Running setup.py bdist_wheel for train: started
  Using cached https://files.pythonhosted.org/packages/74/24/0cdbf8907e1e3bc5a8da03345c23cbed7044330bb8f73bb12e711a640a00/pandas-0.24.2-cp35-cp35m-manylinux1_x86_64.whl
  Running setup.py bdist_wheel for train: finished with status 'done'
  Stored in directory: /tmp/pip-ephem-wheel-cache-djdc9eqq/wheels/35/24/16/37574d11bf9bde50616c67372a334f94fa8356bc7164af8ca3"
Successfully built train
Collecting nltk (from -r requirements.txt (line 3))
"Could not install packages due to an EnvironmentError: [Errno 2] No such file or directory: '/usr/local/lib/python3.5/dist-packages/numpy-1.15.4.dist-info/METADATA'

  Running setup.py bdist_wheel for regex: finished with status 'done'
  Stored in directory: /root/.cache/pip/wheels/c9/05/a8/b85fa0bd7850b99f9b4f106972975f2e3c46412e12f9949b58"
Successfully built nltk train regex
"Could not install packages due to an EnvironmentError: [Errno 2] No such file or directory: '/usr/local/lib/python3.5/dist-packages/numpy-1.15.4.dist-info/METADATA'
"
"Collecting beautifulsoup4 (from -r requirements.txt (line 4))
  Using cached https://files.pythonhosted.org/packages/d1/41/e6495bd7d3781cee623ce23ea6ac73282a373088fcd0ddc809a047b18eae/beautifulsoup4-4.9.3-py3-none-any.whl"
Collecting html5lib (from -r requirements.txt (line 5))
"You are using pip version 18.1, however version 20.3.4 is available."
"You should consider upgrading via the 'pip install --upgrade pip' command.
  Using cached https://files.pythonhosted.org/packages/6c/dd/a834df6482147d48e225a49515aabc28974ad5a4ca3215c18a882565b028/html5lib-1.1-py2.py3-none-any.whl"
"Requirement already satisfied, skipping upgrade: pytz>=2011k in /usr/local/lib/python3.5/dist-packages (from pandas->-r requirements.txt (line 1)) (2021.1)"
"Requirement already satisfied, skipping upgrade: python-dateutil>=2.5.0 in /usr/local/lib/python3.5/dist-packages (from pandas->-r requirements.txt (line 1)) (2.7.5)"
Collecting joblib (from nltk->-r requirements.txt (line 3))
[2021-04-07 02:17:29 +0000] [30] [ERROR] Error handling request /ping
"Traceback (most recent call last):
  File ""/usr/local/lib/python3.5/dist-packages/gunicorn/workers/base_async.py"", line 56, in handle
    self.handle_request(listener_name, req, client, addr)
  File ""/usr/local/lib/python3.5/dist-packages/gunicorn/workers/ggevent.py"", line 160, in handle_request
    addr)
  File ""/usr/local/lib/python3.5/dist-packages/gunicorn/workers/base_async.py"", line 107, in handle_request
    respiter = self.wsgi(environ, resp.start_response)
  File ""/usr/local/lib/python3.5/dist-packages/sagemaker_pytorch_container/serving.py"", line 103, in main
    user_module = modules.import_module(serving_env.module_dir, serving_env.module_name)
  File ""/usr/local/lib/python3.5/dist-packages/sagemaker_containers/_modules.py"", line 246, in import_module
    install(_env.code_dir)
  File ""/usr/local/lib/python3.5/dist-packages/sagemaker_containers/_modules.py"", line 109, in install
    _process.check_error(shlex.split(cmd), _errors.InstallModuleError, cwd=path, capture_error=capture_error)
  File ""/usr/local/lib/python3.5/dist-packages/sagemaker_containers/_process.py"", line 43, in check_error
    raise error_class(return_code=return_code, cmd=' '.join(cmd), output=stderr)"
sagemaker_containers._errors.InstallModuleError: InstallModuleError:
"Command ""/usr/bin/python -m pip install -U . -r requirements.txt"""
"10.32.0.2 - - [07/Apr/2021:02:17:29 +0000] ""GET /ping HTTP/1.1"" 500 141 ""-"" ""AHC/2.0"""
"You are using pip version 18.1, however version 20.3.4 is available."
"You should consider upgrading via the 'pip install --upgrade pip' command.
  Using cached https://files.pythonhosted.org/packages/28/5c/cf6a2b65a321c4a209efcdf64c2689efae2cb62661f8f6f4bb28547cf1bf/joblib-0.14.1-py2.py3-none-any.whl"
[2021-04-07 02:17:29 +0000] [30] [ERROR] Error handling request /ping
"Traceback (most recent call last):
  File ""/usr/local/lib/python3.5/dist-packages/gunicorn/workers/base_async.py"", line 56, in handle
    self.handle_request(listener_name, req, client, addr)
  File ""/usr/local/lib/python3.5/dist-packages/gunicorn/workers/ggevent.py"", line 160, in handle_request
    addr)
  File ""/usr/local/lib/python3.5/dist-packages/gunicorn/workers/base_async.py"", line 107, in handle_request
    respiter = self.wsgi(environ, resp.start_response)
  File ""/usr/local/lib/python3.5/dist-packages/sagemaker_pytorch_container/serving.py"", line 103, in main
    user_module = modules.import_module(serving_env.module_dir, serving_env.module_name)
  File ""/usr/local/lib/python3.5/dist-packages/sagemaker_containers/_modules.py"", line 246, in import_module
    install(_env.code_dir)
  File ""/usr/local/lib/python3.5/dist-packages/sagemaker_containers/_modules.py"", line 109, in install
    _process.check_error(shlex.split(cmd), _errors.InstallModuleError, cwd=path, capture_error=capture_error)
  File ""/usr/local/lib/python3.5/dist-packages/sagemaker_containers/_process.py"", line 43, in check_error
    raise error_class(return_code=return_code, cmd=' '.join(cmd), output=stderr)"
sagemaker_containers._errors.InstallModuleError: InstallModuleError:
"Command ""/usr/bin/python -m pip install -U . -r requirements.txt"""
"10.32.0.2 - - [07/Apr/2021:02:17:29 +0000] ""GET /ping HTTP/1.1"" 500 141 ""-"" ""AHC/2.0"""
Collecting regex (from nltk->-r requirements.txt (line 3))
Requirement already up-to-date: numpy in /usr/local/lib/python3.5/dist-packages (from -r requirements.txt (line 2)) (1.18.5)
Collecting nltk (from -r requirements.txt (line 3))
Processing /opt/ml/code
"Collecting beautifulsoup4 (from -r requirements.txt (line 4))
  Using cached https://files.pythonhosted.org/packages/d1/41/e6495bd7d3781cee623ce23ea6ac73282a373088fcd0ddc809a047b18eae/beautifulsoup4-4.9.3-py3-none-any.whl"
"Collecting html5lib (from -r requirements.txt (line 5))
  Using cached https://files.pythonhosted.org/packages/6c/dd/a834df6482147d48e225a49515aabc28974ad5a4ca3215c18a882565b028/html5lib-1.1-py2.py3-none-any.whl"
"Requirement already satisfied, skipping upgrade: python-dateutil>=2.5.0 in /usr/local/lib/python3.5/dist-packages (from pandas->-r requirements.txt (line 1)) (2.7.5)"
Collecting pandas (from -r requirements.txt (line 1))
"Requirement already satisfied, skipping upgrade: pytz>=2011k in /usr/local/lib/python3.5/dist-packages (from pandas->-r requirements.txt (line 1)) (2021.1)"
"Requirement already satisfied, skipping upgrade: click in /usr/local/lib/python3.5/dist-packages (from nltk->-r requirements.txt (line 3)) (7.0)"
"Collecting tqdm (from nltk->-r requirements.txt (line 3))
  Using cached https://files.pythonhosted.org/packages/72/8a/34efae5cf9924328a8f34eeb2fdaae14c011462d9f0e3fcded48e1266d1c/tqdm-4.60.0-py2.py3-none-any.whl"
Collecting joblib (from nltk->-r requirements.txt (line 3))
"Collecting tqdm (from nltk->-r requirements.txt (line 3))
  Using cached https://files.pythonhosted.org/packages/28/5c/cf6a2b65a321c4a209efcdf64c2689efae2cb62661f8f6f4bb28547cf1bf/joblib-0.14.1-py2.py3-none-any.whl"
"Collecting regex (from nltk->-r requirements.txt (line 3))
  Using cached https://files.pythonhosted.org/packages/72/8a/34efae5cf9924328a8f34eeb2fdaae14c011462d9f0e3fcded48e1266d1c/tqdm-4.60.0-py2.py3-none-any.whl
  Using cached https://files.pythonhosted.org/packages/74/24/0cdbf8907e1e3bc5a8da03345c23cbed7044330bb8f73bb12e711a640a00/pandas-0.24.2-cp35-cp35m-manylinux1_x86_64.whl"
"Requirement already satisfied, skipping upgrade: click in /usr/local/lib/python3.5/dist-packages (from nltk->-r requirements.txt (line 3)) (7.0)"
"Collecting soupsieve>1.2; python_version >= ""3.0"" (from beautifulsoup4->-r requirements.txt (line 4))
  Using cached https://files.pythonhosted.org/packages/02/fb/1c65691a9aeb7bd6ac2aa505b84cb8b49ac29c976411c6ab3659425e045f/soupsieve-2.1-py3-none-any.whl"
"Requirement already satisfied, skipping upgrade: six>=1.9 in /usr/local/lib/python3.5/dist-packages (from html5lib->-r requirements.txt (line 5)) (1.11.0)"
"Collecting webencodings (from html5lib->-r requirements.txt (line 5))
  Using cached https://files.pythonhosted.org/packages/f4/24/2a3e3df732393fed8b3ebf2ec078f05546de641fe1b667ee316ec1dcf3b7/webencodings-0.5.1-py2.py3-none-any.whl"
"Building wheels for collected packages: train
  Running setup.py bdist_wheel for train: started"
"  Running setup.py bdist_wheel for train: finished with status 'done'
  Stored in directory: /tmp/pip-ephem-wheel-cache-7vxbebuk/wheels/35/24/16/37574d11bf9bde50616c67372a334f94fa8356bc7164af8ca3"
Successfully built train
"Could not install packages due to an EnvironmentError: [Errno 2] No such file or directory: '/usr/local/lib/python3.5/dist-packages/numpy-1.15.4.dist-info/METADATA'
"
"Collecting soupsieve>1.2; python_version >= ""3.0"" (from beautifulsoup4->-r requirements.txt (line 4))"
"You are using pip version 18.1, however version 20.3.4 is available."
"You should consider upgrading via the 'pip install --upgrade pip' command.
  Using cached https://files.pythonhosted.org/packages/02/fb/1c65691a9aeb7bd6ac2aa505b84cb8b49ac29c976411c6ab3659425e045f/soupsieve-2.1-py3-none-any.whl"
"Requirement already satisfied, skipping upgrade: six>=1.9 in /usr/local/lib/python3.5/dist-packages (from html5lib->-r requirements.txt (line 5)) (1.11.0)"
[2021-04-07 02:17:34 +0000] [29] [ERROR] Error handling request /ping
"Traceback (most recent call last):
  File ""/usr/local/lib/python3.5/dist-packages/gunicorn/workers/base_async.py"", line 56, in handle
    self.handle_request(listener_name, req, client, addr)
  File ""/usr/local/lib/python3.5/dist-packages/gunicorn/workers/ggevent.py"", line 160, in handle_request
    addr)
  File ""/usr/local/lib/python3.5/dist-packages/gunicorn/workers/base_async.py"", line 107, in handle_request
    respiter = self.wsgi(environ, resp.start_response)
  File ""/usr/local/lib/python3.5/dist-packages/sagemaker_pytorch_container/serving.py"", line 103, in main
    user_module = modules.import_module(serving_env.module_dir, serving_env.module_name)
  File ""/usr/local/lib/python3.5/dist-packages/sagemaker_containers/_modules.py"", line 246, in import_module
    install(_env.code_dir)
  File ""/usr/local/lib/python3.5/dist-packages/sagemaker_containers/_modules.py"", line 109, in install
    _process.check_error(shlex.split(cmd), _errors.InstallModuleError, cwd=path, capture_error=capture_error)
  File ""/usr/local/lib/python3.5/dist-packages/sagemaker_containers/_process.py"", line 43, in check_error
    raise error_class(return_code=return_code, cmd=' '.join(cmd), output=stderr)"
sagemaker_containers._errors.InstallModuleError: InstallModuleError:
"Command ""/usr/bin/python -m pip install -U . -r requirements.txt"""
"10.32.0.2 - - [07/Apr/2021:02:17:34 +0000] ""GET /ping HTTP/1.1"" 500 141 ""-"" ""AHC/2.0"""
"Collecting webencodings (from html5lib->-r requirements.txt (line 5))
  Using cached https://files.pythonhosted.org/packages/f4/24/2a3e3df732393fed8b3ebf2ec078f05546de641fe1b667ee316ec1dcf3b7/webencodings-0.5.1-py2.py3-none-any.whl"
"Building wheels for collected packages: train
  Running setup.py bdist_wheel for train: started"
Requirement already up-to-date: numpy in /usr/local/lib/python3.5/dist-packages (from -r requirements.txt (line 2)) (1.18.5)
Collecting nltk (from -r requirements.txt (line 3))
"  Running setup.py bdist_wheel for regex: finished with status 'done'
  Stored in directory: /root/.cache/pip/wheels/c9/05/a8/b85fa0bd7850b99f9b4f106972975f2e3c46412e12f9949b58"
Successfully built train regex
"Collecting beautifulsoup4 (from -r requirements.txt (line 4))
  Using cached https://files.pythonhosted.org/packages/d1/41/e6495bd7d3781cee623ce23ea6ac73282a373088fcd0ddc809a047b18eae/beautifulsoup4-4.9.3-py3-none-any.whl"
"Could not install packages due to an EnvironmentError: [Errno 2] No such file or directory: '/usr/local/lib/python3.5/dist-packages/numpy-1.15.4.dist-info/METADATA'
"
"Collecting html5lib (from -r requirements.txt (line 5))
  Using cached https://files.pythonhosted.org/packages/6c/dd/a834df6482147d48e225a49515aabc28974ad5a4ca3215c18a882565b028/html5lib-1.1-py2.py3-none-any.whl"
"Requirement already satisfied, skipping upgrade: python-dateutil>=2.5.0 in /usr/local/lib/python3.5/dist-packages (from pandas->-r requirements.txt (line 1)) (2.7.5)"
"Requirement already satisfied, skipping upgrade: pytz>=2011k in /usr/local/lib/python3.5/dist-packages (from pandas->-r requirements.txt (line 1)) (2021.1)
  Running setup.py bdist_wheel for train: finished with status 'done'
  Stored in directory: /tmp/pip-ephem-wheel-cache-l_o4hia7/wheels/35/24/16/37574d11bf9bde50616c67372a334f94fa8356bc7164af8ca3"
Collecting joblib (from nltk->-r requirements.txt (line 3))
"Successfully built train
  Using cached https://files.pythonhosted.org/packages/28/5c/cf6a2b65a321c4a209efcdf64c2689efae2cb62661f8f6f4bb28547cf1bf/joblib-0.14.1-py2.py3-none-any.whl"
"You are using pip version 18.1, however version 20.3.4 is available."
You should consider upgrading via the 'pip install --upgrade pip' command.
Processing /opt/ml/code
Collecting tqdm (from nltk->-r requirements.txt (line 3))
[2021-04-07 02:17:35 +0000] [31] [ERROR] Error handling request /ping
"Traceback (most recent call last):
  File ""/usr/local/lib/python3.5/dist-packages/gunicorn/workers/base_async.py"", line 56, in handle
    self.handle_request(listener_name, req, client, addr)
  File ""/usr/local/lib/python3.5/dist-packages/gunicorn/workers/ggevent.py"", line 160, in handle_request
    addr)
  File ""/usr/local/lib/python3.5/dist-packages/gunicorn/workers/base_async.py"", line 107, in handle_request
    respiter = self.wsgi(environ, resp.start_response)
  File ""/usr/local/lib/python3.5/dist-packages/sagemaker_pytorch_container/serving.py"", line 103, in main
    user_module = modules.import_module(serving_env.module_dir, serving_env.module_name)
  File ""/usr/local/lib/python3.5/dist-packages/sagemaker_containers/_modules.py"", line 246, in import_module
    install(_env.code_dir)
  File ""/usr/local/lib/python3.5/dist-packages/sagemaker_containers/_modules.py"", line 109, in install
    _process.check_error(shlex.split(cmd), _errors.InstallModuleError, cwd=path, capture_error=capture_error)
  File ""/usr/local/lib/python3.5/dist-packages/sagemaker_containers/_process.py"", line 43, in check_error
    raise error_class(return_code=return_code, cmd=' '.join(cmd), output=stderr)"
sagemaker_containers._errors.InstallModuleError: InstallModuleError:
"Command ""/usr/bin/python -m pip install -U . -r requirements.txt"""
"10.32.0.2 - - [07/Apr/2021:02:17:35 +0000] ""GET /ping HTTP/1.1"" 500 141 ""-"" ""AHC/2.0"""
"Installing collected packages: pandas, tqdm, joblib, regex, nltk, soupsieve, beautifulsoup4, webencodings, html5lib, train"
  Using cached https://files.pythonhosted.org/packages/72/8a/34efae5cf9924328a8f34eeb2fdaae14c011462d9f0e3fcded48e1266d1c/tqdm-4.60.0-py2.py3-none-any.whl
Collecting regex (from nltk->-r requirements.txt (line 3))
Collecting pandas (from -r requirements.txt (line 1))
  Using cached https://files.pythonhosted.org/packages/74/24/0cdbf8907e1e3bc5a8da03345c23cbed7044330bb8f73bb12e711a640a00/pandas-0.24.2-cp35-cp35m-manylinux1_x86_64.whl
"Requirement already satisfied, skipping upgrade: click in /usr/local/lib/python3.5/dist-packages (from nltk->-r requirements.txt (line 3)) (7.0)"
"Collecting soupsieve>1.2; python_version >= ""3.0"" (from beautifulsoup4->-r requirements.txt (line 4))
  Using cached https://files.pythonhosted.org/packages/02/fb/1c65691a9aeb7bd6ac2aa505b84cb8b49ac29c976411c6ab3659425e045f/soupsieve-2.1-py3-none-any.whl"
"Requirement already satisfied, skipping upgrade: six>=1.9 in /usr/local/lib/python3.5/dist-packages (from html5lib->-r requirements.txt (line 5)) (1.11.0)"
"Collecting webencodings (from html5lib->-r requirements.txt (line 5))
  Using cached https://files.pythonhosted.org/packages/f4/24/2a3e3df732393fed8b3ebf2ec078f05546de641fe1b667ee316ec1dcf3b7/webencodings-0.5.1-py2.py3-none-any.whl"
"Building wheels for collected packages: train
  Running setup.py bdist_wheel for train: started"
"Requirement already up-to-date: numpy in /usr/local/lib/python3.5/dist-packages (from -r requirements.txt (line 2)) (1.18.5)
  Running setup.py bdist_wheel for train: finished with status 'done'
  Stored in directory: /tmp/pip-ephem-wheel-cache-4umb9jja/wheels/35/24/16/37574d11bf9bde50616c67372a334f94fa8356bc7164af8ca3"
Successfully built train
Successfully installed beautifulsoup4-4.9.3 html5lib-1.1 joblib-0.14.1 nltk-3.5 numpy-1.18.5 pandas-0.24.2 pytz-2021.1 regex-2021.4.4 soupsieve-2.1 tqdm-4.60.0 train-1.0.0 webencodings-0.5.1
Requirement already up-to-date: nltk in /usr/local/lib/python3.5/dist-packages (from -r requirements.txt (line 3)) (3.5)
Requirement already up-to-date: beautifulsoup4 in /usr/local/lib/python3.5/dist-packages (from -r requirements.txt (line 4)) (4.9.3)
"You are using pip version 18.1, however version 20.3.4 is available."
You should consider upgrading via the 'pip install --upgrade pip' command.
Requirement already up-to-date: html5lib in /usr/local/lib/python3.5/dist-packages (from -r requirements.txt (line 5)) (1.1)
"Requirement already satisfied, skipping upgrade: pytz>=2011k in /usr/local/lib/python3.5/dist-packages (from pandas->-r requirements.txt (line 1)) (2021.1)"
"Requirement already satisfied, skipping upgrade: python-dateutil>=2.5.0 in /usr/local/lib/python3.5/dist-packages (from pandas->-r requirements.txt (line 1)) (2.7.5)"
"Requirement already satisfied, skipping upgrade: joblib in /usr/local/lib/python3.5/dist-packages (from nltk->-r requirements.txt (line 3)) (0.14.1)"
"Requirement already satisfied, skipping upgrade: tqdm in /usr/local/lib/python3.5/dist-packages (from nltk->-r requirements.txt (line 3)) (4.60.0)"
"Requirement already satisfied, skipping upgrade: regex in /usr/local/lib/python3.5/dist-packages (from nltk->-r requirements.txt (line 3)) (2021.4.4)"
"Requirement already satisfied, skipping upgrade: click in /usr/local/lib/python3.5/dist-packages (from nltk->-r requirements.txt (line 3)) (7.0)"
"Requirement already satisfied, skipping upgrade: soupsieve>1.2; python_version >= ""3.0"" in /usr/local/lib/python3.5/dist-packages (from beautifulsoup4->-r requirements.txt (line 4)) (2.1)"
"Requirement already satisfied, skipping upgrade: webencodings in /usr/local/lib/python3.5/dist-packages (from html5lib->-r requirements.txt (line 5)) (0.5.1)"
"Requirement already satisfied, skipping upgrade: six>=1.9 in /usr/local/lib/python3.5/dist-packages (from html5lib->-r requirements.txt (line 5)) (1.11.0)"
"Building wheels for collected packages: train
  Running setup.py bdist_wheel for train: started"
"Installing collected packages: pandas, joblib, tqdm, regex, nltk, soupsieve, beautifulsoup4, webencodings, html5lib, train"
Processing /opt/ml/code
Loading model.
"model_info: {'embedding_dim': 32, 'hidden_dim': 200, 'vocab_size': 5000}"
Done loading model.
"10.32.0.2 - - [07/Apr/2021:02:17:40 +0000] ""GET /ping HTTP/1.1"" 200 0 ""-"" ""AHC/2.0"""
"  Running setup.py bdist_wheel for train: finished with status 'done'
  Stored in directory: /tmp/pip-ephem-wheel-cache-5wo4pv_t/wheels/35/24/16/37574d11bf9bde50616c67372a334f94fa8356bc7164af8ca3"
Successfully built train
"Installing collected packages: pandas, train
  Found existing installation: pandas 0.24.2"
    Uninstalling pandas-0.24.2:
Requirement already up-to-date: pandas in /usr/local/lib/python3.5/dist-packages (from -r requirements.txt (line 1)) (0.24.2)
Requirement already up-to-date: numpy in /usr/local/lib/python3.5/dist-packages (from -r requirements.txt (line 2)) (1.18.5)
Requirement already up-to-date: nltk in /usr/local/lib/python3.5/dist-packages (from -r requirements.txt (line 3)) (3.5)
Requirement already up-to-date: beautifulsoup4 in /usr/local/lib/python3.5/dist-packages (from -r requirements.txt (line 4)) (4.9.3)
Requirement already up-to-date: html5lib in /usr/local/lib/python3.5/dist-packages (from -r requirements.txt (line 5)) (1.1)
"Requirement already satisfied, skipping upgrade: python-dateutil>=2.5.0 in /usr/local/lib/python3.5/dist-packages (from pandas->-r requirements.txt (line 1)) (2.7.5)"
"Requirement already satisfied, skipping upgrade: pytz>=2011k in /usr/local/lib/python3.5/dist-packages (from pandas->-r requirements.txt (line 1)) (2021.1)"
"Requirement already satisfied, skipping upgrade: joblib in /usr/local/lib/python3.5/dist-packages (from nltk->-r requirements.txt (line 3)) (0.14.1)"
"Requirement already satisfied, skipping upgrade: regex in /usr/local/lib/python3.5/dist-packages (from nltk->-r requirements.txt (line 3)) (2021.4.4)"
"Requirement already satisfied, skipping upgrade: click in /usr/local/lib/python3.5/dist-packages (from nltk->-r requirements.txt (line 3)) (7.0)"
"Requirement already satisfied, skipping upgrade: tqdm in /usr/local/lib/python3.5/dist-packages (from nltk->-r requirements.txt (line 3)) (4.60.0)"
"Requirement already satisfied, skipping upgrade: soupsieve>1.2; python_version >= ""3.0"" in /usr/local/lib/python3.5/dist-packages (from beautifulsoup4->-r requirements.txt (line 4)) (2.1)"
"Requirement already satisfied, skipping upgrade: six>=1.9 in /usr/local/lib/python3.5/dist-packages (from html5lib->-r requirements.txt (line 5)) (1.11.0)
      Successfully uninstalled pandas-0.24.2"
"Requirement already satisfied, skipping upgrade: webencodings in /usr/local/lib/python3.5/dist-packages (from html5lib->-r requirements.txt (line 5)) (0.5.1)"
"Building wheels for collected packages: train
  Running setup.py bdist_wheel for train: started"
"  Running setup.py bdist_wheel for train: finished with status 'done'
  Stored in directory: /tmp/pip-ephem-wheel-cache-jowck8wf/wheels/35/24/16/37574d11bf9bde50616c67372a334f94fa8356bc7164af8ca3"
"Successfully built train
  Running setup.py bdist_wheel for regex: finished with status 'done'
  Stored in directory: /root/.cache/pip/wheels/c9/05/a8/b85fa0bd7850b99f9b4f106972975f2e3c46412e12f9949b58"
Successfully built train regex
Successfully installed beautifulsoup4-4.9.3 html5lib-1.1 joblib-0.14.1 nltk-3.5 pandas regex-2021.4.4 soupsieve-2.1 tqdm-4.60.0 train-1.0.0 webencodings-0.5.1
"Could not install packages due to an EnvironmentError: [Errno 2] No such file or directory: '/usr/local/lib/python3.5/dist-packages/numpy-1.15.4.dist-info/METADATA'
"
"Installing collected packages: train
  Found existing installation: train 1.0.0
    Uninstalling train-1.0.0:
      Successfully uninstalled train-1.0.0"
Successfully installed train-1.0.0
"You are using pip version 18.1, however version 20.3.4 is available."
You should consider upgrading via the 'pip install --upgrade pip' command.
"You are using pip version 18.1, however version 20.3.4 is available."
You should consider upgrading via the 'pip install --upgrade pip' command.
[2021-04-07 02:17:44 +0000] [30] [ERROR] Error handling request /ping
"Traceback (most recent call last):
  File ""/usr/local/lib/python3.5/dist-packages/sagemaker_containers/_modules.py"", line 248, in import_module
    module = importlib.import_module(name)
  File ""/usr/lib/python3.5/importlib/__init__.py"", line 126, in import_module
    return _bootstrap._gcd_import(name[level:], package, level)
  File ""<frozen importlib._bootstrap>"", line 986, in _gcd_import
  File ""<frozen importlib._bootstrap>"", line 969, in _find_and_load
  File ""<frozen importlib._bootstrap>"", line 958, in _find_and_load_unlocked
  File ""<frozen importlib._bootstrap>"", line 673, in _load_unlocked
  File ""<frozen importlib._bootstrap_external>"", line 665, in exec_module
  File ""<frozen importlib._bootstrap>"", line 222, in _call_with_frames_removed
  File ""/usr/local/lib/python3.5/dist-packages/train.py"", line 7, in <module>
    import pandas as pd"
"ImportError: No module named 'pandas'
"
"During handling of the above exception, another exception occurred:
"
"Traceback (most recent call last):
  File ""/usr/local/lib/python3.5/dist-packages/gunicorn/workers/base_async.py"", line 56, in handle
    self.handle_request(listener_name, req, client, addr)
  File ""/usr/local/lib/python3.5/dist-packages/gunicorn/workers/ggevent.py"", line 160, in handle_request
    addr)
  File ""/usr/local/lib/python3.5/dist-packages/gunicorn/workers/base_async.py"", line 107, in handle_request
    respiter = self.wsgi(environ, resp.start_response)
  File ""/usr/local/lib/python3.5/dist-packages/sagemaker_pytorch_container/serving.py"", line 103, in main
    user_module = modules.import_module(serving_env.module_dir, serving_env.module_name)
  File ""/usr/local/lib/python3.5/dist-packages/sagemaker_containers/_modules.py"", line 253, in import_module
    six.reraise(_errors.ImportModuleError, _errors.ImportModuleError(e), sys.exc_info()[2])
  File ""/usr/local/lib/python3.5/dist-packages/six.py"", line 692, in reraise
    raise value.with_traceback(tb)
  File ""/usr/local/lib/python3.5/dist-packages/sagemaker_containers/_modules.py"", line 248, in import_module
    module = importlib.import_module(name)
  File ""/usr/lib/python3.5/importlib/__init__.py"", line 126, in import_module
    return _bootstrap._gcd_import(name[level:], package, level)
  File ""<frozen importlib._bootstrap>"", line 986, in _gcd_import
  File ""<frozen importlib._bootstrap>"", line 969, in _find_and_load
  File ""<frozen importlib._bootstrap>"", line 958, in _find_and_load_unlocked
  File ""<frozen importlib._bootstrap>"", line 673, in _load_unlocked
  File ""<frozen importlib._bootstrap_external>"", line 665, in exec_module
  File ""<frozen importlib._bootstrap>"", line 222, in _call_with_frames_removed
  File ""/usr/local/lib/python3.5/dist-packages/train.py"", line 7, in <module>
    import pandas as pd"
sagemaker_containers._errors.ImportModuleError: No module named 'pandas'
"10.32.0.2 - - [07/Apr/2021:02:17:44 +0000] ""GET /ping HTTP/1.1"" 500 141 ""-"" ""AHC/2.0"""
[2021-04-07 02:17:44 +0000] [30] [ERROR] Error handling request /ping
"Traceback (most recent call last):
  File ""/usr/local/lib/python3.5/dist-packages/sagemaker_containers/_modules.py"", line 248, in import_module
    module = importlib.import_module(name)
  File ""/usr/lib/python3.5/importlib/__init__.py"", line 126, in import_module
    return _bootstrap._gcd_import(name[level:], package, level)
  File ""<frozen importlib._bootstrap>"", line 986, in _gcd_import
  File ""<frozen importlib._bootstrap>"", line 969, in _find_and_load
  File ""<frozen importlib._bootstrap>"", line 958, in _find_and_load_unlocked
  File ""<frozen importlib._bootstrap>"", line 673, in _load_unlocked
  File ""<frozen importlib._bootstrap_external>"", line 665, in exec_module
  File ""<frozen importlib._bootstrap>"", line 222, in _call_with_frames_removed
  File ""/usr/local/lib/python3.5/dist-packages/train.py"", line 7, in <module>
    import pandas as pd"
"ImportError: No module named 'pandas'
"
"During handling of the above exception, another exception occurred:
"
"Traceback (most recent call last):
  File ""/usr/local/lib/python3.5/dist-packages/gunicorn/workers/base_async.py"", line 56, in handle
    self.handle_request(listener_name, req, client, addr)
  File ""/usr/local/lib/python3.5/dist-packages/gunicorn/workers/ggevent.py"", line 160, in handle_request
    addr)
  File ""/usr/local/lib/python3.5/dist-packages/gunicorn/workers/base_async.py"", line 107, in handle_request
    respiter = self.wsgi(environ, resp.start_response)
  File ""/usr/local/lib/python3.5/dist-packages/sagemaker_pytorch_container/serving.py"", line 103, in main
    user_module = modules.import_module(serving_env.module_dir, serving_env.module_name)
  File ""/usr/local/lib/python3.5/dist-packages/sagemaker_containers/_modules.py"", line 253, in import_module
    six.reraise(_errors.ImportModuleError, _errors.ImportModuleError(e), sys.exc_info()[2])
  File ""/usr/local/lib/python3.5/dist-packages/six.py"", line 692, in reraise
    raise value.with_traceback(tb)
  File ""/usr/local/lib/python3.5/dist-packages/sagemaker_containers/_modules.py"", line 248, in import_module
    module = importlib.import_module(name)
  File ""/usr/lib/python3.5/importlib/__init__.py"", line 126, in import_module
    return _bootstrap._gcd_import(name[level:], package, level)
  File ""<frozen importlib._bootstrap>"", line 986, in _gcd_import
  File ""<frozen importlib._bootstrap>"", line 969, in _find_and_load
  File ""<frozen importlib._bootstrap>"", line 958, in _find_and_load_unlocked
  File ""<frozen importlib._bootstrap>"", line 673, in _load_unlocked
  File ""<frozen importlib._bootstrap_external>"", line 665, in exec_module
  File ""<frozen importlib._bootstrap>"", line 222, in _call_with_frames_removed
  File ""/usr/local/lib/python3.5/dist-packages/train.py"", line 7, in <module>
    import pandas as pd"
sagemaker_containers._errors.ImportModuleError: No module named 'pandas'
"10.32.0.2 - - [07/Apr/2021:02:17:44 +0000] ""GET /ping HTTP/1.1"" 500 141 ""-"" ""AHC/2.0"""
"You are using pip version 18.1, however version 20.3.4 is available."
You should consider upgrading via the 'pip install --upgrade pip' command.
[2021-04-07 02:17:45 +0000] [35] [ERROR] Error handling request /ping
"Traceback (most recent call last):
  File ""/usr/local/lib/python3.5/dist-packages/gunicorn/workers/base_async.py"", line 56, in handle
    self.handle_request(listener_name, req, client, addr)
  File ""/usr/local/lib/python3.5/dist-packages/gunicorn/workers/ggevent.py"", line 160, in handle_request
    addr)
  File ""/usr/local/lib/python3.5/dist-packages/gunicorn/workers/base_async.py"", line 107, in handle_request
    respiter = self.wsgi(environ, resp.start_response)
  File ""/usr/local/lib/python3.5/dist-packages/sagemaker_pytorch_container/serving.py"", line 103, in main
    user_module = modules.import_module(serving_env.module_dir, serving_env.module_name)
  File ""/usr/local/lib/python3.5/dist-packages/sagemaker_containers/_modules.py"", line 246, in import_module
    install(_env.code_dir)
  File ""/usr/local/lib/python3.5/dist-packages/sagemaker_containers/_modules.py"", line 109, in install
    _process.check_error(shlex.split(cmd), _errors.InstallModuleError, cwd=path, capture_error=capture_error)
  File ""/usr/local/lib/python3.5/dist-packages/sagemaker_containers/_process.py"", line 43, in check_error
    raise error_class(return_code=return_code, cmd=' '.join(cmd), output=stderr)"
sagemaker_containers._errors.InstallModuleError: InstallModuleError:
"Command ""/usr/bin/python -m pip install -U . -r requirements.txt"""
"10.32.0.2 - - [07/Apr/2021:02:17:45 +0000] ""GET /ping HTTP/1.1"" 500 141 ""-"" ""AHC/2.0"""
Processing /opt/ml/code
Collecting pandas (from -r requirements.txt (line 1))
"  Using cached https://files.pythonhosted.org/packages/74/24/0cdbf8907e1e3bc5a8da03345c23cbed7044330bb8f73bb12e711a640a00/pandas-0.24.2-cp35-cp35m-manylinux1_x86_64.whl
  Found existing installation: regex 2021.4.4
    Uninstalling regex-2021.4.4:
      Successfully uninstalled regex-2021.4.4"
Requirement already up-to-date: numpy in /usr/local/lib/python3.5/dist-packages (from -r requirements.txt (line 2)) (1.18.5)
Requirement already up-to-date: nltk in /usr/local/lib/python3.5/dist-packages (from -r requirements.txt (line 3)) (3.5)
Requirement already up-to-date: beautifulsoup4 in /usr/local/lib/python3.5/dist-packages (from -r requirements.txt (line 4)) (4.9.3)
Requirement already up-to-date: html5lib in /usr/local/lib/python3.5/dist-packages (from -r requirements.txt (line 5)) (1.1)
"Requirement already satisfied, skipping upgrade: pytz>=2011k in /usr/local/lib/python3.5/dist-packages (from pandas->-r requirements.txt (line 1)) (2021.1)"
"Requirement already satisfied, skipping upgrade: python-dateutil>=2.5.0 in /usr/local/lib/python3.5/dist-packages (from pandas->-r requirements.txt (line 1)) (2.7.5)"
"Requirement already satisfied, skipping upgrade: regex in /usr/local/lib/python3.5/dist-packages (from nltk->-r requirements.txt (line 3)) (2021.4.4)"
"Requirement already satisfied, skipping upgrade: joblib in /usr/local/lib/python3.5/dist-packages (from nltk->-r requirements.txt (line 3)) (0.14.1)"
"Requirement already satisfied, skipping upgrade: tqdm in /usr/local/lib/python3.5/dist-packages (from nltk->-r requirements.txt (line 3)) (4.60.0)"
"Requirement already satisfied, skipping upgrade: click in /usr/local/lib/python3.5/dist-packages (from nltk->-r requirements.txt (line 3)) (7.0)"
"Requirement already satisfied, skipping upgrade: soupsieve>1.2; python_version >= ""3.0"" in /usr/local/lib/python3.5/dist-packages (from beautifulsoup4->-r requirements.txt (line 4)) (2.1)"
"Requirement already satisfied, skipping upgrade: six>=1.9 in /usr/local/lib/python3.5/dist-packages (from html5lib->-r requirements.txt (line 5)) (1.11.0)"
"Requirement already satisfied, skipping upgrade: webencodings in /usr/local/lib/python3.5/dist-packages (from html5lib->-r requirements.txt (line 5)) (0.5.1)"
"Building wheels for collected packages: train
  Running setup.py bdist_wheel for train: started
  Running setup.py bdist_wheel for train: finished with status 'done'
  Stored in directory: /tmp/pip-ephem-wheel-cache-ytykpb__/wheels/35/24/16/37574d11bf9bde50616c67372a334f94fa8356bc7164af8ca3"
Successfully built train
"Installing collected packages: pandas, train
  Found existing installation: pandas 0.24.2"
Successfully installed beautifulsoup4-4.9.3 html5lib-1.1 joblib-0.14.1 nltk-3.5 pandas-0.24.2 regex-2021.4.4 soupsieve-2.1 tqdm-4.60.0 train-1.0.0 webencodings-0.5.1
"You are using pip version 18.1, however version 20.3.4 is available."
"You should consider upgrading via the 'pip install --upgrade pip' command.
    Uninstalling pandas-0.24.2:"
Loading model.
"model_info: {'embedding_dim': 32, 'hidden_dim': 200, 'vocab_size': 5000}"
Done loading model.
"10.32.0.2 - - [07/Apr/2021:02:17:48 +0000] ""GET /ping HTTP/1.1"" 200 0 ""-"" ""AHC/2.0"""
Successfully installed pandas-0.24.2 train-1.0.0
"You are using pip version 18.1, however version 20.3.4 is available."
You should consider upgrading via the 'pip install --upgrade pip' command.
Loading model.
"model_info: {'embedding_dim': 32, 'hidden_dim': 200, 'vocab_size': 5000}"
Done loading model.
"10.32.0.2 - - [07/Apr/2021:02:17:49 +0000] ""GET /ping HTTP/1.1"" 200 0 ""-"" ""AHC/2.0""
      Successfully uninstalled pandas-0.24.2"
"10.32.0.2 - - [07/Apr/2021:02:17:49 +0000] ""GET /ping HTTP/1.1"" 200 0 ""-"" ""AHC/2.0"""
"  Found existing installation: train 1.0.0
    Uninstalling train-1.0.0:
      Successfully uninstalled train-1.0.0"
Successfully installed pandas-0.24.2 train-1.0.0
"You are using pip version 18.1, however version 20.3.4 is available."
You should consider upgrading via the 'pip install --upgrade pip' command.
Loading model.
"model_info: {'embedding_dim': 32, 'hidden_dim': 200, 'vocab_size': 5000}"
Done loading model.
"10.32.0.2 - - [07/Apr/2021:02:17:52 +0000] ""GET /ping HTTP/1.1"" 200 0 ""-"" ""AHC/2.0"""
"10.32.0.2 - - [07/Apr/2021:02:17:54 +0000] ""GET /ping HTTP/1.1"" 200 0 ""-"" ""AHC/2.0"""
Processing /opt/ml/code
Requirement already up-to-date: pandas in /usr/local/lib/python3.5/dist-packages (from -r requirements.txt (line 1)) (0.24.2)
Requirement already up-to-date: numpy in /usr/local/lib/python3.5/dist-packages (from -r requirements.txt (line 2)) (1.18.5)
Requirement already up-to-date: nltk in /usr/local/lib/python3.5/dist-packages (from -r requirements.txt (line 3)) (3.5)
Requirement already up-to-date: beautifulsoup4 in /usr/local/lib/python3.5/dist-packages (from -r requirements.txt (line 4)) (4.9.3)
Requirement already up-to-date: html5lib in /usr/local/lib/python3.5/dist-packages (from -r requirements.txt (line 5)) (1.1)
"Requirement already satisfied, skipping upgrade: pytz>=2011k in /usr/local/lib/python3.5/dist-packages (from pandas->-r requirements.txt (line 1)) (2021.1)"
"Requirement already satisfied, skipping upgrade: python-dateutil>=2.5.0 in /usr/local/lib/python3.5/dist-packages (from pandas->-r requirements.txt (line 1)) (2.7.5)"
"Requirement already satisfied, skipping upgrade: tqdm in /usr/local/lib/python3.5/dist-packages (from nltk->-r requirements.txt (line 3)) (4.60.0)"
"Requirement already satisfied, skipping upgrade: joblib in /usr/local/lib/python3.5/dist-packages (from nltk->-r requirements.txt (line 3)) (0.14.1)"
"Requirement already satisfied, skipping upgrade: regex in /usr/local/lib/python3.5/dist-packages (from nltk->-r requirements.txt (line 3)) (2021.4.4)"
"Requirement already satisfied, skipping upgrade: click in /usr/local/lib/python3.5/dist-packages (from nltk->-r requirements.txt (line 3)) (7.0)"
"Requirement already satisfied, skipping upgrade: soupsieve>1.2; python_version >= ""3.0"" in /usr/local/lib/python3.5/dist-packages (from beautifulsoup4->-r requirements.txt (line 4)) (2.1)"
"Requirement already satisfied, skipping upgrade: webencodings in /usr/local/lib/python3.5/dist-packages (from html5lib->-r requirements.txt (line 5)) (0.5.1)"
"Requirement already satisfied, skipping upgrade: six>=1.9 in /usr/local/lib/python3.5/dist-packages (from html5lib->-r requirements.txt (line 5)) (1.11.0)"
"Building wheels for collected packages: train
  Running setup.py bdist_wheel for train: started
  Running setup.py bdist_wheel for train: finished with status 'done'
  Stored in directory: /tmp/pip-ephem-wheel-cache-b885bae4/wheels/35/24/16/37574d11bf9bde50616c67372a334f94fa8356bc7164af8ca3"
Successfully built train
"Installing collected packages: train
  Found existing installation: train 1.0.0
    Uninstalling train-1.0.0:
      Successfully uninstalled train-1.0.0"
Successfully installed train-1.0.0
"You are using pip version 18.1, however version 20.3.4 is available."
You should consider upgrading via the 'pip install --upgrade pip' command.
Loading model.
"model_info: {'embedding_dim': 32, 'hidden_dim': 200, 'vocab_size': 5000}"
Done loading model.
"10.32.0.2 - - [07/Apr/2021:02:18:02 +0000] ""GET /ping HTTP/1.1"" 200 0 ""-"" ""AHC/2.0"""
"10.32.0.2 - - [07/Apr/2021:02:18:04 +0000] ""GET /ping HTTP/1.1"" 200 0 ""-"" ""AHC/2.0"""
"10.32.0.2 - - [07/Apr/2021:02:18:09 +0000] ""GET /ping HTTP/1.1"" 200 0 ""-"" ""AHC/2.0"""
"10.32.0.2 - - [07/Apr/2021:02:18:14 +0000] ""GET /ping HTTP/1.1"" 200 0 ""-"" ""AHC/2.0"""
"10.32.0.2 - - [07/Apr/2021:02:18:19 +0000] ""GET /ping HTTP/1.1"" 200 0 ""-"" ""AHC/2.0"""
"10.32.0.2 - - [07/Apr/2021:02:18:24 +0000] ""GET /ping HTTP/1.1"" 200 0 ""-"" ""AHC/2.0"""
"10.32.0.2 - - [07/Apr/2021:02:18:29 +0000] ""GET /ping HTTP/1.1"" 200 0 ""-"" ""AHC/2.0"""
"10.32.0.2 - - [07/Apr/2021:02:18:34 +0000] ""GET /ping HTTP/1.1"" 200 0 ""-"" ""AHC/2.0"""
"10.32.0.2 - - [07/Apr/2021:02:18:39 +0000] ""GET /ping HTTP/1.1"" 200 0 ""-"" ""AHC/2.0"""
"10.32.0.2 - - [07/Apr/2021:02:18:44 +0000] ""GET /ping HTTP/1.1"" 200 0 ""-"" ""AHC/2.0"""
"10.32.0.2 - - [07/Apr/2021:02:18:49 +0000] ""GET /ping HTTP/1.1"" 200 0 ""-"" ""AHC/2.0"""
"10.32.0.2 - - [07/Apr/2021:02:18:54 +0000] ""GET /ping HTTP/1.1"" 200 0 ""-"" ""AHC/2.0"""
"10.32.0.2 - - [07/Apr/2021:02:18:59 +0000] ""GET /ping HTTP/1.1"" 200 0 ""-"" ""AHC/2.0"""
"10.32.0.2 - - [07/Apr/2021:02:19:04 +0000] ""GET /ping HTTP/1.1"" 200 0 ""-"" ""AHC/2.0"""
"10.32.0.2 - - [07/Apr/2021:02:19:09 +0000] ""GET /ping HTTP/1.1"" 200 0 ""-"" ""AHC/2.0"""
"10.32.0.2 - - [07/Apr/2021:02:19:14 +0000] ""GET /ping HTTP/1.1"" 200 0 ""-"" ""AHC/2.0"""
"10.32.0.2 - - [07/Apr/2021:02:19:19 +0000] ""GET /ping HTTP/1.1"" 200 0 ""-"" ""AHC/2.0"""
"2021-04-07 02:19:22,564 flask.app    ERROR    Exception on /invocations [POST]"
"Traceback (most recent call last):
  File ""/usr/local/lib/python3.5/dist-packages/sagemaker_containers/_functions.py"", line 84, in wrapper
    return fn(*args, **kwargs)
  File ""/usr/local/lib/python3.5/dist-packages/sagemaker_pytorch_container/serving.py"", line 67, in default_predict_fn
    output = model(input_data)
  File ""/usr/local/lib/python3.5/dist-packages/torch/nn/modules/module.py"", line 491, in __call__
    result = self.forward(*input, **kwargs)
  File ""/usr/local/lib/python3.5/dist-packages/model.py"", line 25, in forward
    x = x.t()"
"RuntimeError: invalid argument 2: out of range at /pytorch/aten/src/TH/generic/THTensor.cpp:455
"
"During handling of the above exception, another exception occurred:
"
"Traceback (most recent call last):
  File ""/usr/local/lib/python3.5/dist-packages/flask/app.py"", line 2292, in wsgi_app
    response = self.full_dispatch_request()
  File ""/usr/local/lib/python3.5/dist-packages/flask/app.py"", line 1815, in full_dispatch_request
    rv = self.handle_user_exception(e)
  File ""/usr/local/lib/python3.5/dist-packages/flask/app.py"", line 1718, in handle_user_exception
    reraise(exc_type, exc_value, tb)
  File ""/usr/local/lib/python3.5/dist-packages/flask/_compat.py"", line 35, in reraise
    raise value
  File ""/usr/local/lib/python3.5/dist-packages/flask/app.py"", line 1813, in full_dispatch_request
    rv = self.dispatch_request()
  File ""/usr/local/lib/python3.5/dist-packages/flask/app.py"", line 1799, in dispatch_request
    return self.view_functions[rule.endpoint](**req.view_args)
  File ""/usr/local/lib/python3.5/dist-packages/sagemaker_containers/_transformer.py"", line 171, in transform
    result = self._transform_fn(self._model, request.content, request.content_type, request.accept)
  File ""/usr/local/lib/python3.5/dist-packages/sagemaker_containers/_transformer.py"", line 201, in _default_transform_fn
    prediction = self._predict_fn(data, model)
  File ""/usr/local/lib/python3.5/dist-packages/sagemaker_containers/_functions.py"", line 86, in wrapper
    six.reraise(error_class, error_class(e), sys.exc_info()[2])
  File ""/usr/local/lib/python3.5/dist-packages/six.py"", line 692, in reraise
    raise value.with_traceback(tb)
  File ""/usr/local/lib/python3.5/dist-packages/sagemaker_containers/_functions.py"", line 84, in wrapper
    return fn(*args, **kwargs)
  File ""/usr/local/lib/python3.5/dist-packages/sagemaker_pytorch_container/serving.py"", line 67, in default_predict_fn
    output = model(input_data)
  File ""/usr/local/lib/python3.5/dist-packages/torch/nn/modules/module.py"", line 491, in __call__
    result = self.forward(*input, **kwargs)
  File ""/usr/local/lib/python3.5/dist-packages/model.py"", line 25, in forward
    x = x.t()"
sagemaker_containers._errors.ClientError: invalid argument 2: out of range at /pytorch/aten/src/TH/generic/THTensor.cpp:455
"10.32.0.2 - - [07/Apr/2021:02:19:22 +0000] ""POST /invocations HTTP/1.1"" 500 291 ""-"" ""AHC/2.0"""
"10.32.0.2 - - [07/Apr/2021:02:19:24 +0000] ""GET /ping HTTP/1.1"" 200 0 ""-"" ""AHC/2.0"""
"10.32.0.2 - - [07/Apr/2021:02:19:29 +0000] ""GET /ping HTTP/1.1"" 200 0 ""-"" ""AHC/2.0"""
"10.32.0.2 - - [07/Apr/2021:02:19:34 +0000] ""GET /ping HTTP/1.1"" 200 0 ""-"" ""AHC/2.0"""
"10.32.0.2 - - [07/Apr/2021:02:19:39 +0000] ""GET /ping HTTP/1.1"" 200 0 ""-"" ""AHC/2.0"""
"10.32.0.2 - - [07/Apr/2021:02:19:44 +0000] ""GET /ping HTTP/1.1"" 200 0 ""-"" ""AHC/2.0"""
"10.32.0.2 - - [07/Apr/2021:02:19:49 +0000] ""GET /ping HTTP/1.1"" 200 0 ""-"" ""AHC/2.0"""
"10.32.0.2 - - [07/Apr/2021:02:19:54 +0000] ""GET /ping HTTP/1.1"" 200 0 ""-"" ""AHC/2.0"""
"10.32.0.2 - - [07/Apr/2021:02:19:59 +0000] ""GET /ping HTTP/1.1"" 200 0 ""-"" ""AHC/2.0"""
"10.32.0.2 - - [07/Apr/2021:02:20:04 +0000] ""GET /ping HTTP/1.1"" 200 0 ""-"" ""AHC/2.0"""
"10.32.0.2 - - [07/Apr/2021:02:20:09 +0000] ""GET /ping HTTP/1.1"" 200 0 ""-"" ""AHC/2.0"""
"10.32.0.2 - - [07/Apr/2021:02:20:14 +0000] ""GET /ping HTTP/1.1"" 200 0 ""-"" ""AHC/2.0"""
"10.32.0.2 - - [07/Apr/2021:02:20:19 +0000] ""GET /ping HTTP/1.1"" 200 0 ""-"" ""AHC/2.0"""
"10.32.0.2 - - [07/Apr/2021:02:20:24 +0000] ""GET /ping HTTP/1.1"" 200 0 ""-"" ""AHC/2.0"""
"10.32.0.2 - - [07/Apr/2021:02:20:29 +0000] ""GET /ping HTTP/1.1"" 200 0 ""-"" ""AHC/2.0"""
"10.32.0.2 - - [07/Apr/2021:02:20:34 +0000] ""GET /ping HTTP/1.1"" 200 0 ""-"" ""AHC/2.0"""
"10.32.0.2 - - [07/Apr/2021:02:20:39 +0000] ""GET /ping HTTP/1.1"" 200 0 ""-"" ""AHC/2.0"""
"10.32.0.2 - - [07/Apr/2021:02:20:44 +0000] ""GET /ping HTTP/1.1"" 200 0 ""-"" ""AHC/2.0"""
"10.32.0.2 - - [07/Apr/2021:02:20:49 +0000] ""GET /ping HTTP/1.1"" 200 0 ""-"" ""AHC/2.0"""
"10.32.0.2 - - [07/Apr/2021:02:20:54 +0000] ""GET /ping HTTP/1.1"" 200 0 ""-"" ""AHC/2.0"""
"10.32.0.2 - - [07/Apr/2021:02:20:59 +0000] ""GET /ping HTTP/1.1"" 200 0 ""-"" ""AHC/2.0"""
"10.32.0.2 - - [07/Apr/2021:02:21:04 +0000] ""GET /ping HTTP/1.1"" 200 0 ""-"" ""AHC/2.0"""
"10.32.0.2 - - [07/Apr/2021:02:21:09 +0000] ""GET /ping HTTP/1.1"" 200 0 ""-"" ""AHC/2.0"""
"10.32.0.2 - - [07/Apr/2021:02:21:14 +0000] ""GET /ping HTTP/1.1"" 200 0 ""-"" ""AHC/2.0"""
"10.32.0.2 - - [07/Apr/2021:02:21:19 +0000] ""GET /ping HTTP/1.1"" 200 0 ""-"" ""AHC/2.0"""
"10.32.0.2 - - [07/Apr/2021:02:21:24 +0000] ""GET /ping HTTP/1.1"" 200 0 ""-"" ""AHC/2.0"""
"10.32.0.2 - - [07/Apr/2021:02:21:29 +0000] ""GET /ping HTTP/1.1"" 200 0 ""-"" ""AHC/2.0"""
"10.32.0.2 - - [07/Apr/2021:02:21:34 +0000] ""GET /ping HTTP/1.1"" 200 0 ""-"" ""AHC/2.0"""
"10.32.0.2 - - [07/Apr/2021:02:21:39 +0000] ""GET /ping HTTP/1.1"" 200 0 ""-"" ""AHC/2.0"""
"10.32.0.2 - - [07/Apr/2021:02:21:44 +0000] ""GET /ping HTTP/1.1"" 200 0 ""-"" ""AHC/2.0"""
"10.32.0.2 - - [07/Apr/2021:02:21:49 +0000] ""GET /ping HTTP/1.1"" 200 0 ""-"" ""AHC/2.0"""
"10.32.0.2 - - [07/Apr/2021:02:21:54 +0000] ""GET /ping HTTP/1.1"" 200 0 ""-"" ""AHC/2.0"""
"10.32.0.2 - - [07/Apr/2021:02:21:59 +0000] ""GET /ping HTTP/1.1"" 200 0 ""-"" ""AHC/2.0"""
"10.32.0.2 - - [07/Apr/2021:02:22:04 +0000] ""GET /ping HTTP/1.1"" 200 0 ""-"" ""AHC/2.0"""
"10.32.0.2 - - [07/Apr/2021:02:22:09 +0000] ""GET /ping HTTP/1.1"" 200 0 ""-"" ""AHC/2.0"""
"10.32.0.2 - - [07/Apr/2021:02:22:14 +0000] ""GET /ping HTTP/1.1"" 200 0 ""-"" ""AHC/2.0"""
"10.32.0.2 - - [07/Apr/2021:02:22:19 +0000] ""GET /ping HTTP/1.1"" 200 0 ""-"" ""AHC/2.0"""
"10.32.0.2 - - [07/Apr/2021:02:22:24 +0000] ""GET /ping HTTP/1.1"" 200 0 ""-"" ""AHC/2.0"""
"10.32.0.2 - - [07/Apr/2021:02:22:29 +0000] ""GET /ping HTTP/1.1"" 200 0 ""-"" ""AHC/2.0"""
"10.32.0.2 - - [07/Apr/2021:02:22:34 +0000] ""GET /ping HTTP/1.1"" 200 0 ""-"" ""AHC/2.0"""
"10.32.0.2 - - [07/Apr/2021:02:22:39 +0000] ""GET /ping HTTP/1.1"" 200 0 ""-"" ""AHC/2.0"""
"10.32.0.2 - - [07/Apr/2021:02:22:44 +0000] ""GET /ping HTTP/1.1"" 200 0 ""-"" ""AHC/2.0"""
"10.32.0.2 - - [07/Apr/2021:02:22:49 +0000] ""GET /ping HTTP/1.1"" 200 0 ""-"" ""AHC/2.0"""
